<?xml version="1.0" encoding="UTF-8"?>
<testsuite name="ru.stqa.pft.addressbook.tests.GroupDeletionTests" tests="1" skipped="0" failures="0" errors="0" timestamp="2018-08-21T16:09:01" hostname="Lenovo-PC" time="3.784">
  <properties/>
  <testcase name="testGroupDeletion" classname="ru.stqa.pft.addressbook.tests.GroupDeletionTests" time="3.784"/>
  <system-out><![CDATA[]]></system-out>
  <system-err><![CDATA[]]></system-err>
</testsuite>
